[INFO  - 2018-11-02T15:32:56.919Z] GhostDriver - Main - running on port 50621
[INFO  - 2018-11-02T15:32:57.826Z] Session [9319a0d0-deb4-11e8-a627-51f3ff688bd4] - page.settings - {"XSSAuditingEnabled":false,"javascriptCanCloseWindows":true,"javascriptCanOpenWindows":true,"javascriptEnabled":true,"loadImages":true,"localToRemoteUrlAccessEnabled":false,"userAgent":"Mozilla/5.0 (Macintosh; Intel Mac OS X) AppleWebKit/538.1 (KHTML, like Gecko) PhantomJS/2.1.1 Safari/538.1","webSecurityEnabled":true}
[INFO  - 2018-11-02T15:32:57.826Z] Session [9319a0d0-deb4-11e8-a627-51f3ff688bd4] - page.customHeaders:  - {}
[INFO  - 2018-11-02T15:32:57.826Z] Session [9319a0d0-deb4-11e8-a627-51f3ff688bd4] - Session.negotiatedCapabilities - {"browserName":"phantomjs","version":"2.1.1","driverName":"ghostdriver","driverVersion":"1.2.0","platform":"mac-unknown-64bit","javascriptEnabled":true,"takesScreenshot":true,"handlesAlerts":false,"databaseEnabled":false,"locationContextEnabled":false,"applicationCacheEnabled":false,"browserConnectionEnabled":false,"cssSelectorsEnabled":true,"webStorageEnabled":false,"rotatable":false,"acceptSslCerts":false,"nativeEvents":true,"proxy":{"proxyType":"direct"}}
[INFO  - 2018-11-02T15:32:57.826Z] SessionManagerReqHand - _postNewSessionCommand - New Session Created: 9319a0d0-deb4-11e8-a627-51f3ff688bd4
[ERROR - 2018-11-02T15:32:58.504Z] Session [9319a0d0-deb4-11e8-a627-51f3ff688bd4] - page.onError - msg: ReferenceError: Can't find variable: WeakMap

  phantomjs://platform/console++.js:263 in error
[ERROR - 2018-11-02T15:32:58.504Z] Session [9319a0d0-deb4-11e8-a627-51f3ff688bd4] - page.onError - stack:
  default (https://www.sephora.com/js/ufe/isomorphic/priority.bundle.7d640389a78143920ac6.js:1)
  (anonymous function) (https://www.sephora.com/js/ufe/isomorphic/priority.bundle.7d640389a78143920ac6.js:1)
  (anonymous function) (https://www.sephora.com/js/ufe/isomorphic/priority.bundle.7d640389a78143920ac6.js:1)
  o (https://www.sephora.com/js/ufe/isomorphic/priority.bundle.7d640389a78143920ac6.js:1)
  (anonymous function) (https://www.sephora.com/js/ufe/isomorphic/priority.bundle.7d640389a78143920ac6.js:1)
  (anonymous function) (https://www.sephora.com/js/ufe/isomorphic/priority.bundle.7d640389a78143920ac6.js:1)
  o (https://www.sephora.com/js/ufe/isomorphic/priority.bundle.7d640389a78143920ac6.js:1)
  (anonymous function) (https://www.sephora.com/js/ufe/isomorphic/priority.bundle.7d640389a78143920ac6.js:1)
  o (https://www.sephora.com/js/ufe/isomorphic/priority.bundle.7d640389a78143920ac6.js:1)
  (anonymous function) (https://www.sephora.com/js/ufe/isomorphic/priority.bundle.7d640389a78143920ac6.js:1)
  o (https://www.sephora.com/js/ufe/isomorphic/priority.bundle.7d640389a78143920ac6.js:1)
  (anonymous function) (https://www.sephora.com/js/ufe/isomorphic/priority.bundle.7d640389a78143920ac6.js:1)

  phantomjs://platform/console++.js:263 in error
[ERROR - 2018-11-02T15:33:00.017Z] Session [9319a0d0-deb4-11e8-a627-51f3ff688bd4] - page.onError - msg: ReferenceError: Can't find variable: Set

  phantomjs://platform/console++.js:263 in error
[ERROR - 2018-11-02T15:33:00.018Z] Session [9319a0d0-deb4-11e8-a627-51f3ff688bd4] - page.onError - stack:
  (anonymous function) (https://www.sephora.com/js/ufe/isomorphic/priority.bundle.7d640389a78143920ac6.js:1)
  o (https://www.sephora.com/js/ufe/isomorphic/priority.bundle.7d640389a78143920ac6.js:1)
  (anonymous function) (https://www.sephora.com/js/ufe/isomorphic/priority.bundle.7d640389a78143920ac6.js:1)
  o (https://www.sephora.com/js/ufe/isomorphic/priority.bundle.7d640389a78143920ac6.js:1)
  (anonymous function) (https://www.sephora.com/js/ufe/isomorphic/priority.bundle.7d640389a78143920ac6.js:1)
  o (https://www.sephora.com/js/ufe/isomorphic/priority.bundle.7d640389a78143920ac6.js:1)
  (anonymous function) (https://www.sephora.com/js/ufe/isomorphic/priority.bundle.7d640389a78143920ac6.js:1)
  apply (:0)
  (anonymous function) (https://c.go-mpulse.net/boomerang/FS9BD-W3YYU-T5EYF-DZEKW-5ERXU:15)

  phantomjs://platform/console++.js:263 in error
